# JRE version: OpenJDK Runtime Environment (11.0.11+9) (build 11.0.11+9-b60-7590822)
# Java VM: OpenJDK 64-Bit Server VM (11.0.11+9-b60-7590822, mixed mode, tiered, compressed oops, g1 gc, windows-amd64)
Heap:
 garbage-first heap   total 473088K, used 272516K [0x0000000080000000, 0x0000000100000000)
  region size 1024K, 11 young (11264K), 8 survivors (8192K)
 Metaspace       used 156326K, capacity 161510K, committed 161832K, reserved 1189888K
  class space    used 19739K, capacity 21640K, committed 21708K, reserved 1048576K
GC Heap History (20 events):
Event: 1889.578 GC heap before
{Heap before GC invocations=86 (full 0):
 garbage-first heap   total 305152K, used 267541K [0x0000000080000000, 0x0000000100000000)
  region size 1024K, 17 young (17408K), 2 survivors (2048K)
 Metaspace       used 155752K, capacity 160870K, committed 161320K, reserved 1189888K
  class space    used 19698K, capacity 21565K, committed 21708K, reserved 1048576K
}
Event: 1889.600 GC heap after
{Heap after GC invocations=87 (full 0):
 garbage-first heap   total 305152K, used 256098K [0x0000000080000000, 0x0000000100000000)
  region size 1024K, 3 young (3072K), 3 survivors (3072K)
 Metaspace       used 155752K, capacity 160870K, committed 161320K, reserved 1189888K
  class space    used 19698K, capacity 21565K, committed 21708K, reserved 1048576K
}
Event: 1889.809 GC heap before
{Heap before GC invocations=87 (full 0):
 garbage-first heap   total 305152K, used 270434K [0x0000000080000000, 0x0000000100000000)
  region size 1024K, 14 young (14336K), 3 survivors (3072K)
 Metaspace       used 155752K, capacity 160870K, committed 161320K, reserved 1189888K
  class space    used 19698K, capacity 21565K, committed 21708K, reserved 1048576K
}
Event: 1889.852 GC heap after
{Heap after GC invocations=88 (full 0):
 garbage-first heap   total 305152K, used 250053K [0x0000000080000000, 0x0000000100000000)
  region size 1024K, 1 young (1024K), 1 survivors (1024K)
 Metaspace       used 155752K, capacity 160870K, committed 161320K, reserved 1189888K
  class space    used 19698K, capacity 21565K, committed 21708K, reserved 1048576K
}
Event: 1890.043 GC heap before
{Heap before GC invocations=88 (full 0):
 garbage-first heap   total 305152K, used 255173K [0x0000000080000000, 0x0000000100000000)
  region size 1024K, 7 young (7168K), 1 survivors (1024K)
 Metaspace       used 155752K, capacity 160870K, committed 161320K, reserved 1189888K
  class space    used 19698K, capacity 21565K, committed 21708K, reserved 1048576K
}
Event: 1890.055 GC heap after
{Heap after GC invocations=89 (full 0):
 garbage-first heap   total 305152K, used 250833K [0x0000000080000000, 0x0000000100000000)
  region size 1024K, 2 young (2048K), 2 survivors (2048K)
 Metaspace       used 155752K, capacity 160870K, committed 161320K, reserved 1189888K
  class space    used 19698K, capacity 21565K, committed 21708K, reserved 1048576K
}
Event: 1890.270 GC heap before
{Heap before GC invocations=89 (full 0):
 garbage-first heap   total 305152K, used 266193K [0x0000000080000000, 0x0000000100000000)
  region size 1024K, 15 young (15360K), 2 survivors (2048K)
 Metaspace       used 155752K, capacity 160870K, committed 161320K, reserved 1189888K
  class space    used 19698K, capacity 21565K, committed 21708K, reserved 1048576K
}
Event: 1890.273 GC heap after
{Heap after GC invocations=90 (full 0):
 garbage-first heap   total 305152K, used 257152K [0x0000000080000000, 0x0000000100000000)
  region size 1024K, 2 young (2048K), 2 survivors (2048K)
 Metaspace       used 155752K, capacity 160870K, committed 161320K, reserved 1189888K
  class space    used 19698K, capacity 21565K, committed 21708K, reserved 1048576K
}
Event: 1890.536 GC heap before
{Heap before GC invocations=90 (full 0):
 garbage-first heap   total 305152K, used 273536K [0x0000000080000000, 0x0000000100000000)
  region size 1024K, 14 young (14336K), 2 survivors (2048K)
 Metaspace       used 155779K, capacity 160896K, committed 161320K, reserved 1189888K
  class space    used 19698K, capacity 21565K, committed 21708K, reserved 1048576K
}
Event: 1890.542 GC heap after
{Heap after GC invocations=91 (full 0):
 garbage-first heap   total 305152K, used 262893K [0x0000000080000000, 0x0000000100000000)
  region size 1024K, 2 young (2048K), 2 survivors (2048K)
 Metaspace       used 155779K, capacity 160896K, committed 161320K, reserved 1189888K
  class space    used 19698K, capacity 21565K, committed 21708K, reserved 1048576K
}
Event: 1890.575 GC heap before
{Heap before GC invocations=91 (full 0):
 garbage-first heap   total 305152K, used 274157K [0x0000000080000000, 0x0000000100000000)
  region size 1024K, 14 young (14336K), 2 survivors (2048K)
 Metaspace       used 155779K, capacity 160896K, committed 161320K, reserved 1189888K
  class space    used 19698K, capacity 21565K, committed 21708K, reserved 1048576K
}
Event: 1890.581 GC heap after
{Heap after GC invocations=92 (full 0):
 garbage-first heap   total 305152K, used 265276K [0x0000000080000000, 0x0000000100000000)
  region size 1024K, 2 young (2048K), 2 survivors (2048K)
 Metaspace       used 155779K, capacity 160896K, committed 161320K, reserved 1189888K
  class space    used 19698K, capacity 21565K, committed 21708K, reserved 1048576K
}
Event: 1890.616 GC heap before
{Heap before GC invocations=92 (full 0):
 garbage-first heap   total 305152K, used 278588K [0x0000000080000000, 0x0000000100000000)
  region size 1024K, 14 young (14336K), 2 survivors (2048K)
 Metaspace       used 155779K, capacity 160896K, committed 161320K, reserved 1189888K
  class space    used 19698K, capacity 21565K, committed 21708K, reserved 1048576K
}
Event: 1890.632 GC heap after
{Heap after GC invocations=93 (full 0):
 garbage-first heap   total 473088K, used 268487K [0x0000000080000000, 0x0000000100000000)
  region size 1024K, 2 young (2048K), 2 survivors (2048K)
 Metaspace       used 155779K, capacity 160896K, committed 161320K, reserved 1189888K
  class space    used 19698K, capacity 21565K, committed 21708K, reserved 1048576K
}
Event: 1892.080 GC heap before
{Heap before GC invocations=94 (full 0):
 garbage-first heap   total 473088K, used 368839K [0x0000000080000000, 0x0000000100000000)
  region size 1024K, 79 young (80896K), 2 survivors (2048K)
 Metaspace       used 155802K, capacity 160878K, committed 161320K, reserved 1189888K
  class space    used 19694K, capacity 21556K, committed 21708K, reserved 1048576K
}
Event: 1892.091 GC heap after
{Heap after GC invocations=95 (full 0):
 garbage-first heap   total 473088K, used 260892K [0x0000000080000000, 0x0000000100000000)
  region size 1024K, 5 young (5120K), 5 survivors (5120K)
 Metaspace       used 155802K, capacity 160878K, committed 161320K, reserved 1189888K
  class space    used 19694K, capacity 21556K, committed 21708K, reserved 1048576K
}
Event: 1967.650 GC heap before
{Heap before GC invocations=95 (full 0):
 garbage-first heap   total 473088K, used 279324K [0x0000000080000000, 0x0000000100000000)
  region size 1024K, 23 young (23552K), 5 survivors (5120K)
 Metaspace       used 155856K, capacity 160914K, committed 161320K, reserved 1189888K
  class space    used 19698K, capacity 21564K, committed 21708K, reserved 1048576K
}
Event: 1967.676 GC heap after
{Heap after GC invocations=96 (full 0):
 garbage-first heap   total 473088K, used 257529K [0x0000000080000000, 0x0000000100000000)
  region size 1024K, 2 young (2048K), 2 survivors (2048K)
 Metaspace       used 155856K, capacity 160914K, committed 161320K, reserved 1189888K
  class space    used 19698K, capacity 21564K, committed 21708K, reserved 1048576K
}
Event: 1972.253 GC heap before
{Heap before GC invocations=96 (full 0):
 garbage-first heap   total 473088K, used 343545K [0x0000000080000000, 0x0000000100000000)
  region size 1024K, 88 young (90112K), 2 survivors (2048K)
 Metaspace       used 156309K, capacity 161502K, committed 161576K, reserved 1189888K
  class space    used 19739K, capacity 21639K, committed 21708K, reserved 1048576K
}
Event: 1972.278 GC heap after
{Heap after GC invocations=97 (full 0):
 garbage-first heap   total 473088K, used 263300K [0x0000000080000000, 0x0000000100000000)
  region size 1024K, 8 young (8192K), 8 survivors (8192K)
 Metaspace       used 156309K, capacity 161502K, committed 161576K, reserved 1189888K
  class space    used 19739K, capacity 21639K, committed 21708K, reserved 1048576K
}

